<?xml version="1.0" encoding="UTF-8"?>
<testsuite xmlns:xsi="http://www.w3.org/2001/XMLSchema-instance" xsi:noNamespaceSchemaLocation="https://maven.apache.org/surefire/maven-surefire-plugin/xsd/surefire-test-report-3.0.xsd" version="3.0" name="org.example.service.RegistrazioneServiceTest" time="1.501" tests="2" errors="0" skipped="0" failures="0">
  <properties>
[...]
</properties>
  <testcase name="testRegistrazioneSuccess" classname="org.example.service.RegistrazioneServiceTest" time="1.482">
    <system-err><![CDATA[giu 11, 2025 9:17:15 AM org.example.service.RegistrazioneService <init>
INFO: Codice Univoco caricato in RegistrazioneService: online
giu 11, 2025 9:17:15 AM org.example.service.RegistrazioneService registraCliente
INFO: Avvio registrazione cliente: utente123
giu 11, 2025 9:17:15 AM org.example.service.RegistrazioneService registraCliente
INFO: Cliente registrato con successo: utente123
giu 11, 2025 9:17:15 AM org.example.dao.PagamentoDAOImpl loadDatabaseConfig
INFO: Configurazione database caricata per PagamentoDAOImpl.
giu 11, 2025 9:17:15 AM org.example.service.EmailService <clinit>
INFO: Configurazione email caricata con successo.
giu 11, 2025 9:17:17 AM org.example.service.EmailService sendConfirmationEmail
INFO: Email di conferma inviata a mario@example.com
]]></system-err>
  </testcase>
  <testcase name="testRegistrazioneUsernameGiaEsistente" classname="org.example.service.RegistrazioneServiceTest" time="0.012">
    <system-err><![CDATA[giu 11, 2025 9:17:17 AM org.example.service.RegistrazioneService <init>
INFO: Codice Univoco caricato in RegistrazioneService: online
giu 11, 2025 9:17:17 AM org.example.service.RegistrazioneService registraCliente
INFO: Avvio registrazione cliente: utente123
]]></system-err>
  </testcase>
</testsuite>